# JRE version: OpenJDK Runtime Environment (Zulu 8.68.0.21-CA-win64) (8.0_362-b09) (build 1.8.0_362-b09)
# Java VM: OpenJDK 64-Bit Server VM (25.362-b09 mixed mode windows-amd64 compressed oops)
Heap:
 PSYoungGen      total 189952K, used 104789K [0x00000000d5580000, 0x00000000e1980000, 0x0000000100000000)
  eden space 180224K, 53% used [0x00000000d5580000,0x00000000db3d9760,0x00000000e0580000)
  from space 9728K, 84% used [0x00000000e0f80000,0x00000000e177c010,0x00000000e1900000)
  to   space 10240K, 0% used [0x00000000e0580000,0x00000000e0580000,0x00000000e0f80000)
 ParOldGen       total 65536K, used 9945K [0x0000000080000000, 0x0000000084000000, 0x00000000d5580000)
  object space 65536K, 15% used [0x0000000080000000,0x00000000809b6668,0x0000000084000000)
 Metaspace       used 31358K, capacity 32256K, committed 32512K, reserved 1077248K
  class space    used 3709K, capacity 3985K, committed 4096K, reserved 1048576K
GC Heap History (10 events):
Event: 2.621 GC heap before
{Heap before GC invocations=5 (full 0):
 PSYoungGen      total 71680K, used 71129K [0x00000000d5580000, 0x00000000da080000, 0x0000000100000000)
  eden space 66560K, 100% used [0x00000000d5580000,0x00000000d9680000,0x00000000d9680000)
  from space 5120K, 89% used [0x00000000d9b80000,0x00000000d9ff6468,0x00000000da080000)
  to   space 5120K, 0% used [0x00000000d9680000,0x00000000d9680000,0x00000000d9b80000)
 ParOldGen       total 87552K, used 32K [0x0000000080000000, 0x0000000085580000, 0x00000000d5580000)
  object space 87552K, 0% used [0x0000000080000000,0x0000000080008000,0x0000000085580000)
 Metaspace       used 17525K, capacity 17772K, committed 18176K, reserved 1064960K
  class space    used 1875K, capacity 1987K, committed 2048K, reserved 1048576K
Event: 2.628 GC heap after
Heap after GC invocations=5 (full 0):
 PSYoungGen      total 71680K, used 5119K [0x00000000d5580000, 0x00000000de780000, 0x0000000100000000)
  eden space 66560K, 0% used [0x00000000d5580000,0x00000000d5580000,0x00000000d9680000)
  from space 5120K, 99% used [0x00000000d9680000,0x00000000d9b7fd08,0x00000000d9b80000)
  to   space 8192K, 0% used [0x00000000ddf80000,0x00000000ddf80000,0x00000000de780000)
 ParOldGen       total 87552K, used 3833K [0x0000000080000000, 0x0000000085580000, 0x00000000d5580000)
  object space 87552K, 4% used [0x0000000080000000,0x00000000803be4e8,0x0000000085580000)
 Metaspace       used 17525K, capacity 17772K, committed 18176K, reserved 1064960K
  class space    used 1875K, capacity 1987K, committed 2048K, reserved 1048576K
}
Event: 3.135 GC heap before
{Heap before GC invocations=6 (full 0):
 PSYoungGen      total 71680K, used 66050K [0x00000000d5580000, 0x00000000de780000, 0x0000000100000000)
  eden space 66560K, 91% used [0x00000000d5580000,0x00000000d9100c00,0x00000000d9680000)
  from space 5120K, 99% used [0x00000000d9680000,0x00000000d9b7fd08,0x00000000d9b80000)
  to   space 8192K, 0% used [0x00000000ddf80000,0x00000000ddf80000,0x00000000de780000)
 ParOldGen       total 87552K, used 3833K [0x0000000080000000, 0x0000000085580000, 0x00000000d5580000)
  object space 87552K, 4% used [0x0000000080000000,0x00000000803be4e8,0x0000000085580000)
 Metaspace       used 20793K, capacity 21092K, committed 21296K, reserved 1069056K
  class space    used 2299K, capacity 2432K, committed 2432K, reserved 1048576K
Event: 3.151 GC heap after
Heap after GC invocations=6 (full 0):
 PSYoungGen      total 139776K, used 8172K [0x00000000d5580000, 0x00000000dea80000, 0x0000000100000000)
  eden space 131584K, 0% used [0x00000000d5580000,0x00000000d5580000,0x00000000dd600000)
  from space 8192K, 99% used [0x00000000ddf80000,0x00000000de77b2a8,0x00000000de780000)
  to   space 9728K, 0% used [0x00000000dd600000,0x00000000dd600000,0x00000000ddf80000)
 ParOldGen       total 87552K, used 4179K [0x0000000080000000, 0x0000000085580000, 0x00000000d5580000)
  object space 87552K, 4% used [0x0000000080000000,0x0000000080414c00,0x0000000085580000)
 Metaspace       used 20793K, capacity 21092K, committed 21296K, reserved 1069056K
  class space    used 2299K, capacity 2432K, committed 2432K, reserved 1048576K
}
Event: 3.151 GC heap before
{Heap before GC invocations=7 (full 1):
 PSYoungGen      total 139776K, used 8172K [0x00000000d5580000, 0x00000000dea80000, 0x0000000100000000)
  eden space 131584K, 0% used [0x00000000d5580000,0x00000000d5580000,0x00000000dd600000)
  from space 8192K, 99% used [0x00000000ddf80000,0x00000000de77b2a8,0x00000000de780000)
  to   space 9728K, 0% used [0x00000000dd600000,0x00000000dd600000,0x00000000ddf80000)
 ParOldGen       total 87552K, used 4179K [0x0000000080000000, 0x0000000085580000, 0x00000000d5580000)
  object space 87552K, 4% used [0x0000000080000000,0x0000000080414c00,0x0000000085580000)
 Metaspace       used 20793K, capacity 21092K, committed 21296K, reserved 1069056K
  class space    used 2299K, capacity 2432K, committed 2432K, reserved 1048576K
Event: 3.226 GC heap after
Heap after GC invocations=7 (full 1):
 PSYoungGen      total 139776K, used 0K [0x00000000d5580000, 0x00000000dea80000, 0x0000000100000000)
  eden space 131584K, 0% used [0x00000000d5580000,0x00000000d5580000,0x00000000dd600000)
  from space 8192K, 0% used [0x00000000ddf80000,0x00000000ddf80000,0x00000000de780000)
  to   space 9728K, 0% used [0x00000000dd600000,0x00000000dd600000,0x00000000ddf80000)
 ParOldGen       total 65536K, used 9937K [0x0000000080000000, 0x0000000084000000, 0x00000000d5580000)
  object space 65536K, 15% used [0x0000000080000000,0x00000000809b4668,0x0000000084000000)
 Metaspace       used 20793K, capacity 21092K, committed 21296K, reserved 1069056K
  class space    used 2299K, capacity 2432K, committed 2432K, reserved 1048576K
}
Event: 4.372 GC heap before
{Heap before GC invocations=8 (full 1):
 PSYoungGen      total 139776K, used 131584K [0x00000000d5580000, 0x00000000dea80000, 0x0000000100000000)
  eden space 131584K, 100% used [0x00000000d5580000,0x00000000dd600000,0x00000000dd600000)
  from space 8192K, 0% used [0x00000000ddf80000,0x00000000ddf80000,0x00000000de780000)
  to   space 9728K, 0% used [0x00000000dd600000,0x00000000dd600000,0x00000000ddf80000)
 ParOldGen       total 65536K, used 9937K [0x0000000080000000, 0x0000000084000000, 0x00000000d5580000)
  object space 65536K, 15% used [0x0000000080000000,0x00000000809b4668,0x0000000084000000)
 Metaspace       used 23231K, capacity 23586K, committed 24064K, reserved 1071104K
  class space    used 2544K, capacity 2700K, committed 2816K, reserved 1048576K
Event: 4.379 GC heap after
Heap after GC invocations=8 (full 1):
 PSYoungGen      total 141312K, used 3835K [0x00000000d5580000, 0x00000000e1900000, 0x0000000100000000)
  eden space 131584K, 0% used [0x00000000d5580000,0x00000000d5580000,0x00000000dd600000)
  from space 9728K, 39% used [0x00000000dd600000,0x00000000dd9beff8,0x00000000ddf80000)
  to   space 9728K, 0% used [0x00000000e0f80000,0x00000000e0f80000,0x00000000e1900000)
 ParOldGen       total 65536K, used 9945K [0x0000000080000000, 0x0000000084000000, 0x00000000d5580000)
  object space 65536K, 15% used [0x0000000080000000,0x00000000809b6668,0x0000000084000000)
 Metaspace       used 23231K, capacity 23586K, committed 24064K, reserved 1071104K
  class space    used 2544K, capacity 2700K, committed 2816K, reserved 1048576K
}
Event: 5.123 GC heap before
{Heap before GC invocations=9 (full 1):
 PSYoungGen      total 141312K, used 135419K [0x00000000d5580000, 0x00000000e1900000, 0x0000000100000000)
  eden space 131584K, 100% used [0x00000000d5580000,0x00000000dd600000,0x00000000dd600000)
  from space 9728K, 39% used [0x00000000dd600000,0x00000000dd9beff8,0x00000000ddf80000)
  to   space 9728K, 0% used [0x00000000e0f80000,0x00000000e0f80000,0x00000000e1900000)
 ParOldGen       total 65536K, used 9945K [0x0000000080000000, 0x0000000084000000, 0x00000000d5580000)
  object space 65536K, 15% used [0x0000000080000000,0x00000000809b6668,0x0000000084000000)
 Metaspace       used 25030K, capacity 25420K, committed 25856K, reserved 1073152K
  class space    used 2826K, capacity 2965K, committed 3072K, reserved 1048576K
Event: 5.133 GC heap after
Heap after GC invocations=9 (full 1):
 PSYoungGen      total 189952K, used 8176K [0x00000000d5580000, 0x00000000e1980000, 0x0000000100000000)
  eden space 180224K, 0% used [0x00000000d5580000,0x00000000d5580000,0x00000000e0580000)
  from space 9728K, 84% used [0x00000000e0f80000,0x00000000e177c010,0x00000000e1900000)
  to   space 10240K, 0% used [0x00000000e0580000,0x00000000e0580000,0x00000000e0f80000)
 ParOldGen       total 65536K, used 9945K [0x0000000080000000, 0x0000000084000000, 0x00000000d5580000)
  object space 65536K, 15% used [0x0000000080000000,0x00000000809b6668,0x0000000084000000)
 Metaspace       used 25030K, capacity 25420K, committed 25856K, reserved 1073152K
  class space    used 2826K, capacity 2965K, committed 3072K, reserved 1048576K
}

