# JRE version: OpenJDK Runtime Environment (Zulu 8.68.0.21-CA-win64) (8.0_362-b09) (build 1.8.0_362-b09)
# Java VM: OpenJDK 64-Bit Server VM (25.362-b09 mixed mode windows-amd64 compressed oops)
Heap:
 PSYoungGen      total 203776K, used 80325K [0x00000000d5580000, 0x00000000e5f80000, 0x0000000100000000)
  eden space 194048K, 36% used [0x00000000d5580000,0x00000000d9a75748,0x00000000e1300000)
  from space 9728K, 99% used [0x00000000e2100000,0x00000000e2a7bcb8,0x00000000e2a80000)
  to   space 14336K, 0% used [0x00000000e1300000,0x00000000e1300000,0x00000000e2100000)
 ParOldGen       total 61440K, used 15834K [0x0000000080000000, 0x0000000083c00000, 0x00000000d5580000)
  object space 61440K, 25% used [0x0000000080000000,0x0000000080f76a78,0x0000000083c00000)
 Metaspace       used 32883K, capacity 33938K, committed 34176K, reserved 1079296K
  class space    used 3823K, capacity 4146K, committed 4224K, reserved 1048576K
GC Heap History (10 events):
Event: 3.093 GC heap before
{Heap before GC invocations=7 (full 1):
 PSYoungGen      total 139776K, used 8175K [0x00000000d5580000, 0x00000000dea80000, 0x0000000100000000)
  eden space 131584K, 0% used [0x00000000d5580000,0x00000000d5580000,0x00000000dd600000)
  from space 8192K, 99% used [0x00000000ddf80000,0x00000000de77bfc0,0x00000000de780000)
  to   space 9728K, 0% used [0x00000000dd600000,0x00000000dd600000,0x00000000ddf80000)
 ParOldGen       total 87552K, used 4234K [0x0000000080000000, 0x0000000085580000, 0x00000000d5580000)
  object space 87552K, 4% used [0x0000000080000000,0x0000000080422898,0x0000000085580000)
 Metaspace       used 20789K, capacity 21092K, committed 21296K, reserved 1069056K
  class space    used 2302K, capacity 2432K, committed 2432K, reserved 1048576K
Event: 3.131 GC heap after
Heap after GC invocations=7 (full 1):
 PSYoungGen      total 139776K, used 0K [0x00000000d5580000, 0x00000000dea80000, 0x0000000100000000)
  eden space 131584K, 0% used [0x00000000d5580000,0x00000000d5580000,0x00000000dd600000)
  from space 8192K, 0% used [0x00000000ddf80000,0x00000000ddf80000,0x00000000de780000)
  to   space 9728K, 0% used [0x00000000dd600000,0x00000000dd600000,0x00000000ddf80000)
 ParOldGen       total 61440K, used 9943K [0x0000000080000000, 0x0000000083c00000, 0x00000000d5580000)
  object space 61440K, 16% used [0x0000000080000000,0x00000000809b5cc0,0x0000000083c00000)
 Metaspace       used 20789K, capacity 21092K, committed 21296K, reserved 1069056K
  class space    used 2302K, capacity 2432K, committed 2432K, reserved 1048576K
}
Event: 4.035 GC heap before
{Heap before GC invocations=8 (full 1):
 PSYoungGen      total 139776K, used 131584K [0x00000000d5580000, 0x00000000dea80000, 0x0000000100000000)
  eden space 131584K, 100% used [0x00000000d5580000,0x00000000dd600000,0x00000000dd600000)
  from space 8192K, 0% used [0x00000000ddf80000,0x00000000ddf80000,0x00000000de780000)
  to   space 9728K, 0% used [0x00000000dd600000,0x00000000dd600000,0x00000000ddf80000)
 ParOldGen       total 61440K, used 9943K [0x0000000080000000, 0x0000000083c00000, 0x00000000d5580000)
  object space 61440K, 16% used [0x0000000080000000,0x00000000809b5cc0,0x0000000083c00000)
 Metaspace       used 23256K, capacity 23650K, committed 24064K, reserved 1071104K
  class space    used 2550K, capacity 2700K, committed 2816K, reserved 1048576K
Event: 4.042 GC heap after
Heap after GC invocations=8 (full 1):
 PSYoungGen      total 141312K, used 3822K [0x00000000d5580000, 0x00000000e2a80000, 0x0000000100000000)
  eden space 131584K, 0% used [0x00000000d5580000,0x00000000d5580000,0x00000000dd600000)
  from space 9728K, 39% used [0x00000000dd600000,0x00000000dd9bbb70,0x00000000ddf80000)
  to   space 9728K, 0% used [0x00000000e2100000,0x00000000e2100000,0x00000000e2a80000)
 ParOldGen       total 61440K, used 9943K [0x0000000080000000, 0x0000000083c00000, 0x00000000d5580000)
  object space 61440K, 16% used [0x0000000080000000,0x00000000809b5cc0,0x0000000083c00000)
 Metaspace       used 23256K, capacity 23650K, committed 24064K, reserved 1071104K
  class space    used 2550K, capacity 2700K, committed 2816K, reserved 1048576K
}
Event: 4.720 GC heap before
{Heap before GC invocations=9 (full 1):
 PSYoungGen      total 141312K, used 135406K [0x00000000d5580000, 0x00000000e2a80000, 0x0000000100000000)
  eden space 131584K, 100% used [0x00000000d5580000,0x00000000dd600000,0x00000000dd600000)
  from space 9728K, 39% used [0x00000000dd600000,0x00000000dd9bbb70,0x00000000ddf80000)
  to   space 9728K, 0% used [0x00000000e2100000,0x00000000e2100000,0x00000000e2a80000)
 ParOldGen       total 61440K, used 9943K [0x0000000080000000, 0x0000000083c00000, 0x00000000d5580000)
  object space 61440K, 16% used [0x0000000080000000,0x00000000809b5cc0,0x0000000083c00000)
 Metaspace       used 25032K, capacity 25420K, committed 25856K, reserved 1073152K
  class space    used 2830K, capacity 2965K, committed 3072K, reserved 1048576K
Event: 4.729 GC heap after
Heap after GC invocations=9 (full 1):
 PSYoungGen      total 207872K, used 8208K [0x00000000d5580000, 0x00000000e2b80000, 0x0000000100000000)
  eden space 198144K, 0% used [0x00000000d5580000,0x00000000d5580000,0x00000000e1700000)
  from space 9728K, 84% used [0x00000000e2100000,0x00000000e2904010,0x00000000e2a80000)
  to   space 10240K, 0% used [0x00000000e1700000,0x00000000e1700000,0x00000000e2100000)
 ParOldGen       total 61440K, used 9943K [0x0000000080000000, 0x0000000083c00000, 0x00000000d5580000)
  object space 61440K, 16% used [0x0000000080000000,0x00000000809b5cc0,0x0000000083c00000)
 Metaspace       used 25032K, capacity 25420K, committed 25856K, reserved 1073152K
  class space    used 2830K, capacity 2965K, committed 3072K, reserved 1048576K
}
Event: 24.521 GC heap before
{Heap before GC invocations=10 (full 1):
 PSYoungGen      total 207872K, used 206352K [0x00000000d5580000, 0x00000000e2b80000, 0x0000000100000000)
  eden space 198144K, 100% used [0x00000000d5580000,0x00000000e1700000,0x00000000e1700000)
  from space 9728K, 84% used [0x00000000e2100000,0x00000000e2904010,0x00000000e2a80000)
  to   space 10240K, 0% used [0x00000000e1700000,0x00000000e1700000,0x00000000e2100000)
 ParOldGen       total 61440K, used 9943K [0x0000000080000000, 0x0000000083c00000, 0x00000000d5580000)
  object space 61440K, 16% used [0x0000000080000000,0x00000000809b5cc0,0x0000000083c00000)
 Metaspace       used 32191K, capacity 33136K, committed 33280K, reserved 1079296K
  class space    used 3792K, capacity 4084K, committed 4096K, reserved 1048576K
Event: 24.540 GC heap after
Heap after GC invocations=10 (full 1):
 PSYoungGen      total 208384K, used 10208K [0x00000000d5580000, 0x00000000e2b80000, 0x0000000100000000)
  eden space 198144K, 0% used [0x00000000d5580000,0x00000000d5580000,0x00000000e1700000)
  from space 10240K, 99% used [0x00000000e1700000,0x00000000e20f8390,0x00000000e2100000)
  to   space 9728K, 0% used [0x00000000e2100000,0x00000000e2100000,0x00000000e2a80000)
 ParOldGen       total 61440K, used 14194K [0x0000000080000000, 0x0000000083c00000, 0x00000000d5580000)
  object space 61440K, 23% used [0x0000000080000000,0x0000000080ddc9a8,0x0000000083c00000)
 Metaspace       used 32191K, capacity 33136K, committed 33280K, reserved 1079296K
  class space    used 3792K, capacity 4084K, committed 4096K, reserved 1048576K
}
Event: 36.560 GC heap before
{Heap before GC invocations=11 (full 1):
 PSYoungGen      total 208384K, used 208352K [0x00000000d5580000, 0x00000000e2b80000, 0x0000000100000000)
  eden space 198144K, 100% used [0x00000000d5580000,0x00000000e1700000,0x00000000e1700000)
  from space 10240K, 99% used [0x00000000e1700000,0x00000000e20f8390,0x00000000e2100000)
  to   space 9728K, 0% used [0x00000000e2100000,0x00000000e2100000,0x00000000e2a80000)
 ParOldGen       total 61440K, used 14194K [0x0000000080000000, 0x0000000083c00000, 0x00000000d5580000)
  object space 61440K, 23% used [0x0000000080000000,0x0000000080ddc9a8,0x0000000083c00000)
 Metaspace       used 32780K, capacity 33842K, committed 34176K, reserved 1079296K
  class space    used 3820K, capacity 4138K, committed 4224K, reserved 1048576K
Event: 36.569 GC heap after
Heap after GC invocations=11 (full 1):
 PSYoungGen      total 203776K, used 9711K [0x00000000d5580000, 0x00000000e5f80000, 0x0000000100000000)
  eden space 194048K, 0% used [0x00000000d5580000,0x00000000d5580000,0x00000000e1300000)
  from space 9728K, 99% used [0x00000000e2100000,0x00000000e2a7bcb8,0x00000000e2a80000)
  to   space 14336K, 0% used [0x00000000e1300000,0x00000000e1300000,0x00000000e2100000)
 ParOldGen       total 61440K, used 15834K [0x0000000080000000, 0x0000000083c00000, 0x00000000d5580000)
  object space 61440K, 25% used [0x0000000080000000,0x0000000080f76a78,0x0000000083c00000)
 Metaspace       used 32780K, capacity 33842K, committed 34176K, reserved 1079296K
  class space    used 3820K, capacity 4138K, committed 4224K, reserved 1048576K
}

