# JRE version: OpenJDK Runtime Environment (Zulu 8.68.0.21-CA-win64) (8.0_362-b09) (build 1.8.0_362-b09)
# Java VM: OpenJDK 64-Bit Server VM (25.362-b09 mixed mode windows-amd64 compressed oops)
Heap:
 PSYoungGen      total 130560K, used 88593K [0x00000000d5580000, 0x00000000de780000, 0x0000000100000000)
  eden space 122368K, 65% used [0x00000000d5580000,0x00000000da408520,0x00000000dcd00000)
  from space 8192K, 99% used [0x00000000dd600000,0x00000000dddfc010,0x00000000dde00000)
  to   space 9216K, 0% used [0x00000000dcd00000,0x00000000dcd00000,0x00000000dd600000)
 ParOldGen       total 65536K, used 10070K [0x0000000080000000, 0x0000000084000000, 0x00000000d5580000)
  object space 65536K, 15% used [0x0000000080000000,0x00000000809d5bf0,0x0000000084000000)
 Metaspace       used 31123K, capacity 31996K, committed 32128K, reserved 1077248K
  class space    used 3673K, capacity 3923K, committed 3968K, reserved 1048576K
GC Heap History (10 events):
Event: 3.515 GC heap before
{Heap before GC invocations=7 (full 0):
 PSYoungGen      total 72192K, used 66804K [0x00000000d5580000, 0x00000000da580000, 0x0000000100000000)
  eden space 65536K, 91% used [0x00000000d5580000,0x00000000d903e0f8,0x00000000d9580000)
  from space 6656K, 99% used [0x00000000d9d00000,0x00000000da37f188,0x00000000da380000)
  to   space 7680K, 0% used [0x00000000d9580000,0x00000000d9580000,0x00000000d9d00000)
 ParOldGen       total 87552K, used 2379K [0x0000000080000000, 0x0000000085580000, 0x00000000d5580000)
  object space 87552K, 2% used [0x0000000080000000,0x0000000080252ea8,0x0000000085580000)
 Metaspace       used 20809K, capacity 21092K, committed 21296K, reserved 1069056K
  class space    used 2303K, capacity 2432K, committed 2432K, reserved 1048576K
Event: 3.531 GC heap after
Heap after GC invocations=7 (full 0):
 PSYoungGen      total 73216K, used 6338K [0x00000000d5580000, 0x00000000de580000, 0x0000000100000000)
  eden space 65536K, 0% used [0x00000000d5580000,0x00000000d5580000,0x00000000d9580000)
  from space 7680K, 82% used [0x00000000d9580000,0x00000000d9bb08c8,0x00000000d9d00000)
  to   space 8192K, 0% used [0x00000000ddd80000,0x00000000ddd80000,0x00000000de580000)
 ParOldGen       total 87552K, used 5795K [0x0000000080000000, 0x0000000085580000, 0x00000000d5580000)
  object space 87552K, 6% used [0x0000000080000000,0x00000000805a8f78,0x0000000085580000)
 Metaspace       used 20809K, capacity 21092K, committed 21296K, reserved 1069056K
  class space    used 2303K, capacity 2432K, committed 2432K, reserved 1048576K
}
Event: 3.531 GC heap before
{Heap before GC invocations=8 (full 1):
 PSYoungGen      total 73216K, used 6338K [0x00000000d5580000, 0x00000000de580000, 0x0000000100000000)
  eden space 65536K, 0% used [0x00000000d5580000,0x00000000d5580000,0x00000000d9580000)
  from space 7680K, 82% used [0x00000000d9580000,0x00000000d9bb08c8,0x00000000d9d00000)
  to   space 8192K, 0% used [0x00000000ddd80000,0x00000000ddd80000,0x00000000de580000)
 ParOldGen       total 87552K, used 5795K [0x0000000080000000, 0x0000000085580000, 0x00000000d5580000)
  object space 87552K, 6% used [0x0000000080000000,0x00000000805a8f78,0x0000000085580000)
 Metaspace       used 20809K, capacity 21092K, committed 21296K, reserved 1069056K
  class space    used 2303K, capacity 2432K, committed 2432K, reserved 1048576K
Event: 3.611 GC heap after
Heap after GC invocations=8 (full 1):
 PSYoungGen      total 73216K, used 0K [0x00000000d5580000, 0x00000000de580000, 0x0000000100000000)
  eden space 65536K, 0% used [0x00000000d5580000,0x00000000d5580000,0x00000000d9580000)
  from space 7680K, 0% used [0x00000000d9580000,0x00000000d9580000,0x00000000d9d00000)
  to   space 8192K, 0% used [0x00000000ddd80000,0x00000000ddd80000,0x00000000de580000)
 ParOldGen       total 65536K, used 9903K [0x0000000080000000, 0x0000000084000000, 0x00000000d5580000)
  object space 65536K, 15% used [0x0000000080000000,0x00000000809abce8,0x0000000084000000)
 Metaspace       used 20809K, capacity 21092K, committed 21296K, reserved 1069056K
  class space    used 2303K, capacity 2432K, committed 2432K, reserved 1048576K
}
Event: 4.158 GC heap before
{Heap before GC invocations=9 (full 1):
 PSYoungGen      total 73216K, used 65536K [0x00000000d5580000, 0x00000000de580000, 0x0000000100000000)
  eden space 65536K, 100% used [0x00000000d5580000,0x00000000d9580000,0x00000000d9580000)
  from space 7680K, 0% used [0x00000000d9580000,0x00000000d9580000,0x00000000d9d00000)
  to   space 8192K, 0% used [0x00000000ddd80000,0x00000000ddd80000,0x00000000de580000)
 ParOldGen       total 65536K, used 9903K [0x0000000080000000, 0x0000000084000000, 0x00000000d5580000)
  object space 65536K, 15% used [0x0000000080000000,0x00000000809abce8,0x0000000084000000)
 Metaspace       used 22295K, capacity 22622K, committed 22832K, reserved 1069056K
  class space    used 2472K, capacity 2619K, committed 2688K, reserved 1048576K
Event: 4.161 GC heap after
Heap after GC invocations=9 (full 1):
 PSYoungGen      total 93184K, used 2631K [0x00000000d5580000, 0x00000000de080000, 0x0000000100000000)
  eden space 90112K, 0% used [0x00000000d5580000,0x00000000d5580000,0x00000000dad80000)
  from space 3072K, 85% used [0x00000000ddd80000,0x00000000de011ec8,0x00000000de080000)
  to   space 8192K, 0% used [0x00000000dd080000,0x00000000dd080000,0x00000000dd880000)
 ParOldGen       total 65536K, used 9911K [0x0000000080000000, 0x0000000084000000, 0x00000000d5580000)
  object space 65536K, 15% used [0x0000000080000000,0x00000000809adce8,0x0000000084000000)
 Metaspace       used 22295K, capacity 22622K, committed 22832K, reserved 1069056K
  class space    used 2472K, capacity 2619K, committed 2688K, reserved 1048576K
}
Event: 4.979 GC heap before
{Heap before GC invocations=10 (full 1):
 PSYoungGen      total 93184K, used 92743K [0x00000000d5580000, 0x00000000de080000, 0x0000000100000000)
  eden space 90112K, 100% used [0x00000000d5580000,0x00000000dad80000,0x00000000dad80000)
  from space 3072K, 85% used [0x00000000ddd80000,0x00000000de011ec8,0x00000000de080000)
  to   space 8192K, 0% used [0x00000000dd080000,0x00000000dd080000,0x00000000dd880000)
 ParOldGen       total 65536K, used 9911K [0x0000000080000000, 0x0000000084000000, 0x00000000d5580000)
  object space 65536K, 15% used [0x0000000080000000,0x00000000809adce8,0x0000000084000000)
 Metaspace       used 23286K, capacity 23714K, committed 24064K, reserved 1071104K
  class space    used 2552K, capacity 2700K, committed 2816K, reserved 1048576K
Event: 4.985 GC heap after
Heap after GC invocations=10 (full 1):
 PSYoungGen      total 112640K, used 3431K [0x00000000d5580000, 0x00000000dde00000, 0x0000000100000000)
  eden space 109056K, 0% used [0x00000000d5580000,0x00000000d5580000,0x00000000dc000000)
  from space 3584K, 95% used [0x00000000dd080000,0x00000000dd3d9cc8,0x00000000dd400000)
  to   space 8192K, 0% used [0x00000000dd600000,0x00000000dd600000,0x00000000dde00000)
 ParOldGen       total 65536K, used 9919K [0x0000000080000000, 0x0000000084000000, 0x00000000d5580000)
  object space 65536K, 15% used [0x0000000080000000,0x00000000809afce8,0x0000000084000000)
 Metaspace       used 23286K, capacity 23714K, committed 24064K, reserved 1071104K
  class space    used 2552K, capacity 2700K, committed 2816K, reserved 1048576K
}
Event: 6.271 GC heap before
{Heap before GC invocations=11 (full 1):
 PSYoungGen      total 112640K, used 112487K [0x00000000d5580000, 0x00000000dde00000, 0x0000000100000000)
  eden space 109056K, 100% used [0x00000000d5580000,0x00000000dc000000,0x00000000dc000000)
  from space 3584K, 95% used [0x00000000dd080000,0x00000000dd3d9cc8,0x00000000dd400000)
  to   space 8192K, 0% used [0x00000000dd600000,0x00000000dd600000,0x00000000dde00000)
 ParOldGen       total 65536K, used 9919K [0x0000000080000000, 0x0000000084000000, 0x00000000d5580000)
  object space 65536K, 15% used [0x0000000080000000,0x00000000809afce8,0x0000000084000000)
 Metaspace       used 25080K, capacity 25490K, committed 25856K, reserved 1073152K
  class space    used 2832K, capacity 2967K, committed 3072K, reserved 1048576K
Event: 6.284 GC heap after
Heap after GC invocations=11 (full 1):
 PSYoungGen      total 130560K, used 8176K [0x00000000d5580000, 0x00000000de780000, 0x0000000100000000)
  eden space 122368K, 0% used [0x00000000d5580000,0x00000000d5580000,0x00000000dcd00000)
  from space 8192K, 99% used [0x00000000dd600000,0x00000000dddfc010,0x00000000dde00000)
  to   space 9216K, 0% used [0x00000000dcd00000,0x00000000dcd00000,0x00000000dd600000)
 ParOldGen       total 65536K, used 10070K [0x0000000080000000, 0x0000000084000000, 0x00000000d5580000)
  object space 65536K, 15% used [0x0000000080000000,0x00000000809d5bf0,0x0000000084000000)
 Metaspace       used 25080K, capacity 25490K, committed 25856K, reserved 1073152K
  class space    used 2832K, capacity 2967K, committed 3072K, reserved 1048576K
}

