# JRE version: OpenJDK Runtime Environment (Zulu 8.68.0.21-CA-win64) (8.0_362-b09) (build 1.8.0_362-b09)
# Java VM: OpenJDK 64-Bit Server VM (25.362-b09 mixed mode windows-amd64 compressed oops)
Heap:
 PSYoungGen      total 281088K, used 197613K [0x00000000d5580000, 0x00000000ec980000, 0x0000000100000000)
  eden space 267776K, 68% used [0x00000000d5580000,0x00000000e09b1530,0x00000000e5b00000)
  from space 13312K, 98% used [0x00000000e6a00000,0x00000000e76c9fe0,0x00000000e7700000)
  to   space 15360K, 0% used [0x00000000e5b00000,0x00000000e5b00000,0x00000000e6a00000)
 ParOldGen       total 66560K, used 13266K [0x0000000080000000, 0x0000000084100000, 0x00000000d5580000)
  object space 66560K, 19% used [0x0000000080000000,0x0000000080cf49a0,0x0000000084100000)
 Metaspace       used 33458K, capacity 34562K, committed 34688K, reserved 1079296K
  class space    used 3858K, capacity 4191K, committed 4224K, reserved 1048576K
GC Heap History (10 events):
Event: 2.843 GC heap before
{Heap before GC invocations=5 (full 0):
 PSYoungGen      total 138240K, used 68495K [0x00000000d5580000, 0x00000000de180000, 0x0000000100000000)
  eden space 133120K, 47% used [0x00000000d5580000,0x00000000d936a448,0x00000000dd780000)
  from space 5120K, 99% used [0x00000000ddc80000,0x00000000de179a00,0x00000000de180000)
  to   space 5120K, 0% used [0x00000000dd780000,0x00000000dd780000,0x00000000ddc80000)
 ParOldGen       total 87552K, used 4209K [0x0000000080000000, 0x0000000085580000, 0x00000000d5580000)
  object space 87552K, 4% used [0x0000000080000000,0x000000008041c608,0x0000000085580000)
 Metaspace       used 20770K, capacity 21092K, committed 21296K, reserved 1069056K
  class space    used 2302K, capacity 2432K, committed 2432K, reserved 1048576K
Event: 2.851 GC heap after
Heap after GC invocations=5 (full 0):
 PSYoungGen      total 138240K, used 5119K [0x00000000d5580000, 0x00000000e6d80000, 0x0000000100000000)
  eden space 133120K, 0% used [0x00000000d5580000,0x00000000d5580000,0x00000000dd780000)
  from space 5120K, 99% used [0x00000000dd780000,0x00000000ddc7fd08,0x00000000ddc80000)
  to   space 10240K, 0% used [0x00000000e6380000,0x00000000e6380000,0x00000000e6d80000)
 ParOldGen       total 87552K, used 7592K [0x0000000080000000, 0x0000000085580000, 0x00000000d5580000)
  object space 87552K, 8% used [0x0000000080000000,0x000000008076a120,0x0000000085580000)
 Metaspace       used 20770K, capacity 21092K, committed 21296K, reserved 1069056K
  class space    used 2302K, capacity 2432K, committed 2432K, reserved 1048576K
}
Event: 2.851 GC heap before
{Heap before GC invocations=6 (full 1):
 PSYoungGen      total 138240K, used 5119K [0x00000000d5580000, 0x00000000e6d80000, 0x0000000100000000)
  eden space 133120K, 0% used [0x00000000d5580000,0x00000000d5580000,0x00000000dd780000)
  from space 5120K, 99% used [0x00000000dd780000,0x00000000ddc7fd08,0x00000000ddc80000)
  to   space 10240K, 0% used [0x00000000e6380000,0x00000000e6380000,0x00000000e6d80000)
 ParOldGen       total 87552K, used 7592K [0x0000000080000000, 0x0000000085580000, 0x00000000d5580000)
  object space 87552K, 8% used [0x0000000080000000,0x000000008076a120,0x0000000085580000)
 Metaspace       used 20770K, capacity 21092K, committed 21296K, reserved 1069056K
  class space    used 2302K, capacity 2432K, committed 2432K, reserved 1048576K
Event: 2.897 GC heap after
Heap after GC invocations=6 (full 1):
 PSYoungGen      total 138240K, used 0K [0x00000000d5580000, 0x00000000e6d80000, 0x0000000100000000)
  eden space 133120K, 0% used [0x00000000d5580000,0x00000000d5580000,0x00000000dd780000)
  from space 5120K, 0% used [0x00000000dd780000,0x00000000dd780000,0x00000000ddc80000)
  to   space 10240K, 0% used [0x00000000e6380000,0x00000000e6380000,0x00000000e6d80000)
 ParOldGen       total 66560K, used 10037K [0x0000000080000000, 0x0000000084100000, 0x00000000d5580000)
  object space 66560K, 15% used [0x0000000080000000,0x00000000809cd698,0x0000000084100000)
 Metaspace       used 20770K, capacity 21092K, committed 21296K, reserved 1069056K
  class space    used 2302K, capacity 2432K, committed 2432K, reserved 1048576K
}
Event: 3.875 GC heap before
{Heap before GC invocations=7 (full 1):
 PSYoungGen      total 138240K, used 133120K [0x00000000d5580000, 0x00000000e6d80000, 0x0000000100000000)
  eden space 133120K, 100% used [0x00000000d5580000,0x00000000dd780000,0x00000000dd780000)
  from space 5120K, 0% used [0x00000000dd780000,0x00000000dd780000,0x00000000ddc80000)
  to   space 10240K, 0% used [0x00000000e6380000,0x00000000e6380000,0x00000000e6d80000)
 ParOldGen       total 66560K, used 10037K [0x0000000080000000, 0x0000000084100000, 0x00000000d5580000)
  object space 66560K, 15% used [0x0000000080000000,0x00000000809cd698,0x0000000084100000)
 Metaspace       used 23222K, capacity 23586K, committed 24064K, reserved 1071104K
  class space    used 2549K, capacity 2700K, committed 2816K, reserved 1048576K
Event: 3.884 GC heap after
Heap after GC invocations=7 (full 1):
 PSYoungGen      total 195584K, used 3868K [0x00000000d5580000, 0x00000000e6780000, 0x0000000100000000)
  eden space 191488K, 0% used [0x00000000d5580000,0x00000000d5580000,0x00000000e1080000)
  from space 4096K, 94% used [0x00000000e6380000,0x00000000e6747178,0x00000000e6780000)
  to   space 10240K, 0% used [0x00000000e5380000,0x00000000e5380000,0x00000000e5d80000)
 ParOldGen       total 66560K, used 10045K [0x0000000080000000, 0x0000000084100000, 0x00000000d5580000)
  object space 66560K, 15% used [0x0000000080000000,0x00000000809cf698,0x0000000084100000)
 Metaspace       used 23222K, capacity 23586K, committed 24064K, reserved 1071104K
  class space    used 2549K, capacity 2700K, committed 2816K, reserved 1048576K
}
Event: 6.151 GC heap before
{Heap before GC invocations=8 (full 1):
 PSYoungGen      total 195584K, used 195356K [0x00000000d5580000, 0x00000000e6780000, 0x0000000100000000)
  eden space 191488K, 100% used [0x00000000d5580000,0x00000000e1080000,0x00000000e1080000)
  from space 4096K, 94% used [0x00000000e6380000,0x00000000e6747178,0x00000000e6780000)
  to   space 10240K, 0% used [0x00000000e5380000,0x00000000e5380000,0x00000000e5d80000)
 ParOldGen       total 66560K, used 10045K [0x0000000080000000, 0x0000000084100000, 0x00000000d5580000)
  object space 66560K, 15% used [0x0000000080000000,0x00000000809cf698,0x0000000084100000)
 Metaspace       used 29490K, capacity 30368K, committed 30720K, reserved 1077248K
  class space    used 3467K, capacity 3729K, committed 3840K, reserved 1048576K
Event: 6.166 GC heap after
Heap after GC invocations=8 (full 1):
 PSYoungGen      total 270336K, used 10216K [0x00000000d5580000, 0x00000000e7700000, 0x0000000100000000)
  eden space 260096K, 0% used [0x00000000d5580000,0x00000000d5580000,0x00000000e5380000)
  from space 10240K, 99% used [0x00000000e5380000,0x00000000e5d7a1d0,0x00000000e5d80000)
  to   space 13312K, 0% used [0x00000000e6a00000,0x00000000e6a00000,0x00000000e7700000)
 ParOldGen       total 66560K, used 13258K [0x0000000080000000, 0x0000000084100000, 0x00000000d5580000)
  object space 66560K, 19% used [0x0000000080000000,0x0000000080cf29a0,0x0000000084100000)
 Metaspace       used 29490K, capacity 30368K, committed 30720K, reserved 1077248K
  class space    used 3467K, capacity 3729K, committed 3840K, reserved 1048576K
}
Event: 20.678 GC heap before
{Heap before GC invocations=9 (full 1):
 PSYoungGen      total 270336K, used 270312K [0x00000000d5580000, 0x00000000e7700000, 0x0000000100000000)
  eden space 260096K, 100% used [0x00000000d5580000,0x00000000e5380000,0x00000000e5380000)
  from space 10240K, 99% used [0x00000000e5380000,0x00000000e5d7a1d0,0x00000000e5d80000)
  to   space 13312K, 0% used [0x00000000e6a00000,0x00000000e6a00000,0x00000000e7700000)
 ParOldGen       total 66560K, used 13258K [0x0000000080000000, 0x0000000084100000, 0x00000000d5580000)
  object space 66560K, 19% used [0x0000000080000000,0x0000000080cf29a0,0x0000000084100000)
 Metaspace       used 32542K, capacity 33572K, committed 33920K, reserved 1079296K
  class space    used 3810K, capacity 4118K, committed 4224K, reserved 1048576K
Event: 20.691 GC heap after
Heap after GC invocations=9 (full 1):
 PSYoungGen      total 281088K, used 13095K [0x00000000d5580000, 0x00000000ec980000, 0x0000000100000000)
  eden space 267776K, 0% used [0x00000000d5580000,0x00000000d5580000,0x00000000e5b00000)
  from space 13312K, 98% used [0x00000000e6a00000,0x00000000e76c9fe0,0x00000000e7700000)
  to   space 15360K, 0% used [0x00000000e5b00000,0x00000000e5b00000,0x00000000e6a00000)
 ParOldGen       total 66560K, used 13266K [0x0000000080000000, 0x0000000084100000, 0x00000000d5580000)
  object space 66560K, 19% used [0x0000000080000000,0x0000000080cf49a0,0x0000000084100000)
 Metaspace       used 32542K, capacity 33572K, committed 33920K, reserved 1079296K
  class space    used 3810K, capacity 4118K, committed 4224K, reserved 1048576K
}

